<?xml version="1.0" encoding="UTF-8"?>
<!-- Generated by org.testng.reporters.JUnitXMLReporter -->
<testsuite ignored="0" hostname="DESKTOP-MDUOTHM" failures="1" tests="1" name="ChromeTest" time="198.588" errors="0" timestamp="2023-06-18T15:19:02 AST">
  <testcase classname="testCases.TC01_AccountRegistrationTest" name="test_accnt_reg" time="70.023">
    <failure type="java.lang.AssertionError" message="Titles are not matching expected [Your Account Has Been Created!] but found [Register Account]">
      <![CDATA[java.lang.AssertionError: Titles are not matching expected [Your Account Has Been Created!] but found [Register Account]
at testCases.TC01_AccountRegistrationTest.test_accnt_reg(TC01_AccountRegistrationTest.java:42)
at java.base/java.util.ArrayList.forEach(ArrayList.java:1511)
at java.base/java.util.concurrent.FutureTask.run(FutureTask.java:264)
at java.base/java.util.concurrent.ThreadPoolExecutor.runWorker(ThreadPoolExecutor.java:1136)
at java.base/java.util.concurrent.ThreadPoolExecutor$Worker.run(ThreadPoolExecutor.java:635)
at java.base/java.lang.Thread.run(Thread.java:833)
... Removed 23 stack frames]]>
    </failure>
  </testcase> <!-- test_accnt_reg -->
</testsuite> <!-- ChromeTest -->
