<?xml version="1.0" encoding="UTF-8"?>
<!-- Generated by org.testng.reporters.JUnitXMLReporter -->
<testsuite ignored="0" hostname="DESKTOP-MDUOTHM" failures="1" tests="1" name="OpenCartTest" time="259.388" errors="0" timestamp="2023-06-22T13:37:34 AST">
  <testcase classname="testCases.TC02_LoginTest" name="test_Login" time="30.728">
    <failure type="java.lang.AssertionError" message="null">
      <![CDATA[java.lang.AssertionError: null
at testCases.TC02_LoginTest.test_Login(TC02_LoginTest.java:38)
at java.base/java.util.ArrayList.forEach(ArrayList.java:1511)
... Removed 29 stack frames]]>
    </failure>
  </testcase> <!-- test_Login -->
</testsuite> <!-- OpenCartTest -->
